<?xml version="1.0" encoding="UTF-8"?>
<!-- Generated by org.testng.reporters.JUnitReportReporter -->
<testsuite hostname="DESKTOP-4LNCKNA" failures="0" tests="1" name="test.TestLoginPageSimple" time="10.047" errors="0" timestamp="2023-11-09T08:48:14 ICT" skipped="0">
  <testcase classname="test.TestLoginPageSimple" name="testLoginPage" time="10.047"/>
</testsuite> <!-- test.TestLoginPageSimple -->
